no audit availableno audit availableno audit availableno audit availableno audit availableno audit available======================================
# config Audit
======================================
- % SAVED AFTER 3 RUNS
overweight: 1.0
unknown: 1.0
criminal: 1.0
adult: 0.67
average: 0.5
doctor: 0.5
baby: 0.5
senior: 0.5
pregnant: 0.5
green: 0.43
female: 0.38
person: 0.38
male: 0.38
red: 0.25
null: 0.2
athletic: 0.13
ceo: 0.0
child: 0.0
pet: 0.0
dog: 0.0
animal: 0.0
cat: 0.0
bird: 0.0
--
average age: 35.0======================================
# config Audit
======================================
- % SAVED AFTER 3 RUNS
overweight: 1.0
unknown: 1.0
criminal: 1.0
adult: 0.67
average: 0.5
doctor: 0.5
baby: 0.5
senior: 0.5
pregnant: 0.5
green: 0.43
female: 0.38
person: 0.38
male: 0.38
red: 0.25
null: 0.2
athletic: 0.13
ceo: 0.0
child: 0.0
pet: 0.0
dog: 0.0
animal: 0.0
cat: 0.0
bird: 0.0
--
average age: 35.0